<?xml version="1.0" encoding="UTF-8"?>
<!-- Generated by org.testng.reporters.JUnitXMLReporter -->
<testsuite ignored="0" hostname="DESKTOP-O1MNL82" failures="0" tests="4" name="Test" time="162.881" errors="0" timestamp="2021-11-25T11:09:52 IST">
  <testcase classname="Academy.NavigationbarValidation" name="basePageValidation" time="24.714"/>
  <testcase classname="Academy.Homevalidation" name="basePageValidation" time="5.357"/>
  <testcase classname="Academy.LoginpageValidation" name="basePageValidation" time="54.796"/>
  <testcase classname="Academy.LoginpageValidation" name="basePageValidation" time="40.941"/>
</testsuite> <!-- Test -->
